android/app/build/intermediates/manifest_merge_blame_file/debug/manifest-merger-blame-debug-report.txt
1<?xml version="1.0" encoding="utf-8"?>
2<manifest xmlns:android="http://schemas.android.com/apk/res/android"
3    package="com.superlivecommerce"
4    android:versionCode="1"
5    android:versionName="1.0" >
6
7    <uses-sdk
8        android:minSdkVersion="16"
9        android:targetSdkVersion="28" />
10
11    <uses-permission android:name="android.permission.SYSTEM_ALERT_WINDOW" />
11-->src\debug\AndroidManifest.xml:5:5-77
11-->src\debug\AndroidManifest.xml:5:22-75
12    <uses-permission android:name="android.permission.INTERNET" />
12-->src\main\AndroidManifest.xml:4:5-67
12-->src\main\AndroidManifest.xml:4:22-64
13
14    <uses-feature android:name="android.hardware.camera" />
14-->src\main\AndroidManifest.xml:5:5-59
14-->src\main\AndroidManifest.xml:5:19-57
15    <uses-feature android:name="android.hardware.camera.autofocus" />
15-->src\main\AndroidManifest.xml:6:5-69
15-->src\main\AndroidManifest.xml:6:19-67
16
17    <uses-permission android:name="android.permission.CAMERA" />
17-->src\main\AndroidManifest.xml:8:5-64
17-->src\main\AndroidManifest.xml:8:22-62
18    <uses-permission android:name="android.permission.RECORD_AUDIO" />
18-->src\main\AndroidManifest.xml:9:5-70
18-->src\main\AndroidManifest.xml:9:22-68
19    <uses-permission android:name="android.permission.FLASHLIGHT" />
19-->src\main\AndroidManifest.xml:10:5-68
19-->src\main\AndroidManifest.xml:10:22-66
20    <uses-permission android:name="android.permission.WRITE_EXTERNAL_STORAGE" />
20-->src\main\AndroidManifest.xml:11:5-80
20-->src\main\AndroidManifest.xml:11:22-78
21    <uses-permission android:name="android.permission.ACCESS_WIFI_STATE" />
21-->[com.facebook.flipper:flipper:0.33.1] AndroidManifest.xml:16:5-76
21-->[com.facebook.flipper:flipper:0.33.1] AndroidManifest.xml:16:22-73
22
23    <application
23-->src\main\AndroidManifest.xml:13:5-45:19
24        android:name="com.superlivecommerce.MainApplication"
24-->src\main\AndroidManifest.xml:14:7-38
25        android:allowBackup="false"
25-->src\main\AndroidManifest.xml:18:7-34
26        android:appComponentFactory="androidx.core.app.CoreComponentFactory"
26-->[androidx.core:core:1.1.0] AndroidManifest.xml:24:18-86
27        android:debuggable="true"
28        android:icon="@mipmap/ic_launcher"
28-->src\main\AndroidManifest.xml:16:7-41
29        android:label="@string/app_name"
29-->src\main\AndroidManifest.xml:15:7-39
30        android:roundIcon="@mipmap/ic_launcher_round"
30-->src\main\AndroidManifest.xml:17:7-52
31        android:theme="@style/AppTheme"
31-->src\main\AndroidManifest.xml:19:7-38
32        android:usesCleartextTraffic="true" >
32-->src\debug\AndroidManifest.xml:7:18-53
33        <activity
33-->src\main\AndroidManifest.xml:21:9-29:20
34            android:name="com.superlivecommerce.SplashActivity"
34-->src\main\AndroidManifest.xml:22:11-41
35            android:label="@string/app_name"
35-->src\main\AndroidManifest.xml:24:11-43
36            android:theme="@style/SplashTheme" >
36-->src\main\AndroidManifest.xml:23:11-45
37            <intent-filter>
37-->src\main\AndroidManifest.xml:25:11-28:27
38                <action android:name="android.intent.action.MAIN" />
38-->src\main\AndroidManifest.xml:26:15-67
38-->src\main\AndroidManifest.xml:26:23-64
39
40                <category android:name="android.intent.category.LAUNCHER" />
40-->src\main\AndroidManifest.xml:27:15-75
40-->src\main\AndroidManifest.xml:27:25-72
41            </intent-filter>
42        </activity>
43        <activity
43-->src\main\AndroidManifest.xml:31:7-43:18
44            android:name="com.superlivecommerce.MainActivity"
44-->src\main\AndroidManifest.xml:32:9-37
45            android:configChanges="keyboard|keyboardHidden|orientation|screenSize|uiMode"
45-->src\main\AndroidManifest.xml:34:9-86
46            android:exported="true"
46-->src\main\AndroidManifest.xml:37:9-32
47            android:label="@string/app_name"
47-->src\main\AndroidManifest.xml:33:9-41
48            android:launchMode="singleTask"
48-->src\main\AndroidManifest.xml:35:9-40
49            android:windowSoftInputMode="adjustResize" >
49-->src\main\AndroidManifest.xml:36:9-51
50
51            <!--
52        <intent-filter>
53            <action android:name="android.intent.action.MAIN" />
54            <category android:name="android.intent.category.LAUNCHER" />
55        </intent-filter>
56            -->
57        </activity>
58        <activity android:name="com.facebook.react.devsupport.DevSettingsActivity" />
58-->src\main\AndroidManifest.xml:44:7-84
58-->src\main\AndroidManifest.xml:44:17-81
59
60        <meta-data
60-->[com.github.bumptech.glide:okhttp3-integration:4.12.0] AndroidManifest.xml:11:9-13:43
61            android:name="com.bumptech.glide.integration.okhttp3.OkHttpGlideModule"
61-->[com.github.bumptech.glide:okhttp3-integration:4.12.0] AndroidManifest.xml:12:13-84
62            android:value="GlideModule" />
62-->[com.github.bumptech.glide:okhttp3-integration:4.12.0] AndroidManifest.xml:13:13-40
63    </application>
64
65</manifest>